Buildfile: /mnt/d/4th sem/cs301/Lab3/supporting_files/submissions/build.xml

build-subprojects:

init:
    [mkdir] Created dir: /mnt/d/4th sem/cs301/Lab3/supporting_files/submissions/bin
     [copy] Copying 1 file to /mnt/d/4th sem/cs301/Lab3/supporting_files/submissions/bin

build-project:
    [javac] Compiling 22 source files to /mnt/d/4th sem/cs301/Lab3/supporting_files/submissions/bin
    [javac] warning: [options] bootstrap class path not set in conjunction with -source 8
    [javac] 1 warning

build:

make-jar:
    [mkdir] Created dir: /mnt/d/4th sem/cs301/Lab3/supporting_files/submissions/jars
      [jar] Building jar: /mnt/d/4th sem/cs301/Lab3/supporting_files/submissions/jars/simulator.jar

BUILD SUCCESSFUL
Total time: 2 seconds
Buildfile: /mnt/d/4th sem/cs301/Lab3/supporting_files/submissions/build.xml

build-subprojects:

init:
     [copy] Copying 1 file to /mnt/d/4th sem/cs301/Lab3/supporting_files/submissions/bin

build-project:
    [javac] Compiling 22 source files to /mnt/d/4th sem/cs301/Lab3/supporting_files/submissions/bin
    [javac] warning: [options] bootstrap class path not set in conjunction with -source 8
    [javac] 1 warning

build:

make-jar:
      [jar] Building jar: /mnt/d/4th sem/cs301/Lab3/supporting_files/submissions/jars/simulator.jar

BUILD SUCCESSFUL
Total time: 4 seconds
Buildfile: /mnt/d/4th sem/cs301/Lab3/supporting_files/submissions/build.xml

build-subprojects:

init:
     [copy] Copying 1 file to /mnt/d/4th sem/cs301/Lab3/supporting_files/submissions/bin

build-project:
    [javac] Compiling 22 source files to /mnt/d/4th sem/cs301/Lab3/supporting_files/submissions/bin
    [javac] warning: [options] bootstrap class path not set in conjunction with -source 8
Buildfile: /mnt/d/4th sem/cs301/Lab3/supporting_files/submissions/build.xml

build-subprojects:

init:
     [copy] Copying 1 file to /mnt/d/4th sem/cs301/Lab3/supporting_files/submissions/bin

build-project:
    [javac] Compiling 22 source files to /mnt/d/4th sem/cs301/Lab3/supporting_files/submissions/bin
    [javac] warning: [options] bootstrap class path not set in conjunction with -source 8
